<?xml version="1.0" encoding="UTF-8"?>
<!-- Generated by org.testng.reporters.JUnitReportReporter -->
<testsuite hostname="LAPTOP-3MA0CK0R" failures="0" tests="1" name="tests.DynamicLoadingTest" time="5.132" errors="0" timestamp="10 Sep. 2022 17:59:56 GMT" skipped="0">
  <testcase classname="tests.DynamicLoadingTest" name="VerifyHelloWorld" time="5.132"/>
</testsuite> <!-- tests.DynamicLoadingTest -->
