<?xml version="1.0" encoding="UTF-8"?>
<!-- Generated by org.testng.reporters.JUnitReportReporter -->
<testsuite hostname="LAPTOP-3MA0CK0R" failures="0" tests="2" name="LoginFailureTest" time="0.402" errors="0" timestamp="08 Sep. 2022 22:01:09 GMT" skipped="0">
  <testcase classname="LoginFailureTest" name="error" time="0.046"/>
  <testcase classname="LoginFailureTest" name="login" time="0.356"/>
</testsuite> <!-- LoginFailureTest -->
