<?xml version="1.0" encoding="UTF-8"?>
<!-- Generated by org.testng.reporters.JUnitReportReporter -->
<testsuite hostname="LAPTOP-3MA0CK0R" failures="0" tests="2" name="tests.LoginSuccessTest" time="0.321" errors="0" timestamp="10 Sep. 2022 20:45:57 GMT" skipped="0">
  <testcase classname="tests.LoginSuccessTest" name="UserLoggedIn" time="0.256"/>
  <testcase classname="tests.LoginSuccessTest" name="verifyUserLoggedIn" time="0.065"/>
</testsuite> <!-- tests.LoginSuccessTest -->
