<?xml version="1.0" encoding="UTF-8"?>
<!-- Generated by org.testng.reporters.JUnitReportReporter -->
<testsuite hostname="LAPTOP-3MA0CK0R" failures="0" tests="2" name="tests.ContextTest" time="0.165" errors="0" timestamp="10 Sep. 2022 20:45:25 GMT" skipped="0">
  <testcase classname="tests.ContextTest" name="rightClick" time="0.155"/>
  <testcase classname="tests.ContextTest" name="acceptAlert" time="0.010"/>
</testsuite> <!-- tests.ContextTest -->
