<?xml version="1.0" encoding="UTF-8"?>
<!-- Generated by org.testng.reporters.JUnitReportReporter -->
<testsuite hostname="LAPTOP-3MA0CK0R" failures="0" tests="2" name="tests.FileDownloadTest" time="0.063" errors="0" timestamp="10 Sep. 2022 20:45:25 GMT" skipped="0">
  <testcase classname="tests.FileDownloadTest" name="clickLink" time="0.059"/>
  <testcase classname="tests.FileDownloadTest" name="verifyDownload" time="0.004"/>
</testsuite> <!-- tests.FileDownloadTest -->
