<?xml version="1.0" encoding="UTF-8"?>
<!-- Generated by org.testng.reporters.JUnitReportReporter -->
<testsuite hostname="LAPTOP-3MA0CK0R" failures="0" tests="4" name="tests.DynamicControlsTest" time="13.091" errors="0" timestamp="10 Sep. 2022 20:45:25 GMT" skipped="0">
  <testcase classname="tests.DynamicControlsTest" name="clickOnDisable" time="3.097"/>
  <testcase classname="tests.DynamicControlsTest" name="verifyCheckBoxPresent" time="3.132"/>
  <testcase classname="tests.DynamicControlsTest" name="verifyTextBoxEnabled" time="3.397"/>
  <testcase classname="tests.DynamicControlsTest" name="verifyCheckBoxRemoved" time="3.465"/>
</testsuite> <!-- tests.DynamicControlsTest -->
