<?xml version="1.0" encoding="UTF-8"?>
<!-- Generated by org.testng.reporters.JUnitReportReporter -->
<testsuite hostname="LAPTOP-3MA0CK0R" failures="0" tests="3" name="tests.MouseHoverTest" time="0.498" errors="0" timestamp="10 Sep. 2022 20:45:25 GMT" skipped="0">
  <testcase classname="tests.MouseHoverTest" name="hoverOnUser3" time="0.165"/>
  <testcase classname="tests.MouseHoverTest" name="hoverOnUser2" time="0.150"/>
  <testcase classname="tests.MouseHoverTest" name="hoverOnUser1" time="0.183"/>
</testsuite> <!-- tests.MouseHoverTest -->
