<?xml version="1.0" encoding="UTF-8"?>
<!-- Generated by org.testng.reporters.JUnitReportReporter -->
<testsuite hostname="LAPTOP-3MA0CK0R" failures="0" tests="1" name="tests.FileUpload" time="0.173" errors="0" timestamp="10 Sep. 2022 18:12:01 GMT" skipped="0">
  <testcase classname="tests.FileUpload" name="VerifyFileUploaded" time="0.173"/>
</testsuite> <!-- tests.FileUpload -->
