<?xml version="1.0" encoding="UTF-8"?>
<!-- Generated by org.testng.reporters.JUnitReportReporter -->
<testsuite hostname="LAPTOP-3MA0CK0R" failures="0" tests="1" name="tests.NewWindowTest" time="0.114" errors="0" timestamp="10 Sep. 2022 19:16:10 GMT" skipped="0">
  <testcase classname="tests.NewWindowTest" name="verifyNewWindowText" time="0.114"/>
</testsuite> <!-- tests.NewWindowTest -->
