<?xml version="1.0" encoding="UTF-8"?>
<!-- Generated by org.testng.reporters.JUnitReportReporter -->
<testsuite hostname="LAPTOP-3MA0CK0R" failures="0" tests="2" name="tests.CheckBoxesTest" time="0.120" errors="0" timestamp="10 Sep. 2022 20:45:25 GMT" skipped="0">
  <testcase classname="tests.CheckBoxesTest" name="checkBox2" time="0.054"/>
  <testcase classname="tests.CheckBoxesTest" name="checkBox1" time="0.066"/>
</testsuite> <!-- tests.CheckBoxesTest -->
