<?xml version="1.0" encoding="UTF-8"?>
<!-- Generated by org.testng.reporters.JUnitReportReporter -->
<testsuite hostname="LAPTOP-3MA0CK0R" failures="0" tests="3" name="tests.FrameTest" time="0.277" errors="0" timestamp="09 Sep. 2022 19:37:41 GMT" skipped="0">
  <testcase classname="tests.FrameTest" name="VerifyText" time="0.021"/>
  <testcase classname="tests.FrameTest" name="SwitchToFrame" time="0.128"/>
  <testcase classname="tests.FrameTest" name="SendText" time="0.128"/>
</testsuite> <!-- tests.FrameTest -->
