<?xml version="1.0" encoding="UTF-8"?>
<!-- Generated by org.testng.reporters.JUnitReportReporter -->
<testsuite hostname="LAPTOP-3MA0CK0R" failures="0" tests="2" name="SuccessLoginTest" time="0.382" errors="0" timestamp="08 Sep. 2022 21:49:46 GMT" skipped="0">
  <testcase classname="SuccessLoginTest" name="verifyLogin" time="0.046"/>
  <testcase classname="SuccessLoginTest" name="login" time="0.336"/>
</testsuite> <!-- SuccessLoginTest -->
