<?xml version="1.0" encoding="UTF-8"?>
<!-- Generated by org.testng.reporters.JUnitReportReporter -->
<testsuite hostname="LAPTOP-3MA0CK0R" failures="0" tests="2" name="tests.CheckBoxes" time="0.129" errors="0" timestamp="08 Sep. 2022 23:43:46 GMT" skipped="0">
  <testcase classname="tests.CheckBoxes" name="Checkbox" time="0.092"/>
  <testcase classname="tests.CheckBoxes" name="VerifyCheckbox" time="0.037"/>
</testsuite> <!-- tests.CheckBoxes -->
