<?xml version="1.0" encoding="UTF-8"?>
<!-- Generated by org.testng.reporters.JUnitReportReporter -->
<testsuite hostname="LAPTOP-3MA0CK0R" failures="0" tests="1" name="tests.NotificationTest" time="0.563" errors="0" timestamp="10 Sep. 2022 20:45:25 GMT" skipped="0">
  <testcase classname="tests.NotificationTest" name="clickAndVerify" time="0.563"/>
</testsuite> <!-- tests.NotificationTest -->
