<?xml version="1.0" encoding="UTF-8"?>
<!-- Generated by org.testng.reporters.JUnitReportReporter -->
<testsuite hostname="LAPTOP-3MA0CK0R" failures="0" tests="2" name="tests.LoginFailureTest" time="0.306" errors="0" timestamp="10 Sep. 2022 20:45:25 GMT" skipped="0">
  <testcase classname="tests.LoginFailureTest" name="loginWrongIdPass" time="0.261"/>
  <testcase classname="tests.LoginFailureTest" name="errorIsDisplayed" time="0.045"/>
</testsuite> <!-- tests.LoginFailureTest -->
