<?xml version="1.0" encoding="UTF-8"?>
<!-- Generated by org.testng.reporters.JUnitReportReporter -->
<testsuite hostname="LAPTOP-3MA0CK0R" failures="0" tests="2" name="tests.FrameTestTest" time="0.212" errors="0" timestamp="10 Sep. 2022 20:45:25 GMT" skipped="0">
  <testcase classname="tests.FrameTestTest" name="VerifyText" time="0.102"/>
  <testcase classname="tests.FrameTestTest" name="SwitchToFrame" time="0.110"/>
</testsuite> <!-- tests.FrameTestTest -->
