<?xml version="1.0" encoding="UTF-8"?>
<!-- Generated by org.testng.reporters.JUnitReportReporter -->
<testsuite hostname="LAPTOP-3MA0CK0R" failures="0" tests="1" name="tests.FloatingMenuTest" time="0.051" errors="0" timestamp="10 Sep. 2022 20:45:25 GMT" skipped="0">
  <testcase classname="tests.FloatingMenuTest" name="ScrollWindow" time="0.051"/>
</testsuite> <!-- tests.FloatingMenuTest -->
