<?xml version="1.0" encoding="UTF-8"?>
<!-- Generated by org.testng.reporters.JUnitReportReporter -->
<testsuite hostname="LAPTOP-3MA0CK0R" failures="0" tests="3" name="tests.JavaScriptAlertTest" time="0.226" errors="0" timestamp="10 Sep. 2022 19:03:24 GMT" skipped="0">
  <testcase classname="tests.JavaScriptAlertTest" name="clickAndVerifyJsAlert" time="0.080"/>
  <testcase classname="tests.JavaScriptAlertTest" name="clickAndVerifyJsConfirm" time="0.063"/>
  <testcase classname="tests.JavaScriptAlertTest" name="clickAndVerifyJsPrompt" time="0.083"/>
</testsuite> <!-- tests.JavaScriptAlertTest -->
