<?xml version="1.0" encoding="UTF-8"?>
<!-- Generated by org.testng.reporters.JUnitReportReporter -->
<testsuite hostname="LAPTOP-3MA0CK0R" failures="0" tests="1" name="LoginTestPrac" time="2.576" errors="0" timestamp="08 Sep. 2022 21:37:35 GMT" skipped="0">
  <testcase classname="LoginTestPrac" name="login" time="2.576"/>
</testsuite> <!-- LoginTestPrac -->
